==============================================
 Job     : ch_filtered_tdma  (ID=28099)
 Input   : /shared/home/wel1come1234/workspace/Filtered_TDMA/channel/PARA_INPUT.dat
 MPI     : np1=4  np2=4  np3=2  -> NP=32
 Binary  : /shared/home/wel1come1234/workspace/Filtered_TDMA/build/bin/channel.out
==============================================
[2026-04-24 18:02:12] Starting  mpirun -np 32
====== Channel Config ======
  meshes:    n1m=256 n2m=256 n3m=256 (n1=257 n2=257 n3=257)
  MPI_procs: np1=4 np2=4 np3=2 (total=32)
  periodic:  pbc1=1 pbc2=1 pbc3=0 (z is wall-normal)
  uniform:   1 1 0   stretch gamma: 0 0 1.3
  domain:    Lx=12.5664 Ly=6.28319 Lz=2 (H=2, Aspect1=6.28319 Aspect2=3.14159)
  flow:      Re_b=2857 MaxCFL=1
  time:      dtStart=0.1 tStart=0 Timestepmax=10
  forcing:   MASS_FLOW  Ub_target=1  dPdx_target=0
  restart:   in=0 out=1  './restart_in/' './restart_out/'
  stats:     start=20000 interval=1
  monitor:   stride=1  field_stride=30000  stat_dir='./statistics/'
============================
====== MpiTopology ======
  dims=(4,4,2)  total=32
  periodic=(1,1,0)
=========================
[rho (v2) (1)] = 0.319519
[J (v2) (1)] = 16
[rho (v2) (1)] = 0.319519
[J (v2) (1)] = 16
[rho (v2) (1)] = 0.319519
[J (v2) (1)] = 16
[rho (v2) (1)] = 0.319519
[J (v2) (1)] = 16
[rho (v2) (1)] = 0.319519
[J (v2) (1)] = 16
[rho (v2) (1)] = 0.319519
[J (v2) (1)] = 16
[rho (v2) (1)] = 0.319519
[J (v2) (1)] = 16
[rho (v2) (1)] = 0.319519
[J (v2) (1)] = 16
[rho (v2) (1)] = 0.319519
[J (v2) (1)] = 16
[rho (v2) (1)] = 0.319519
[J (v2) (1)] = 16
[rho (v2) (-1)] = 0.305958
[J (v2) (-1)] = 15
[rho (v2) (-1)] = 0.305958
[J (v2) (-1)] = 15
[rho (v2) (-1)] = 0.305958
[J (v2) (-1)] = 15
[rho (v2) (-1)] = 0.305958
[J (v2) (-1)] = 15
[rho (v2) (-1)] = 0.305958
[J (v2) (-1)] = 15
[rho (v2) (-1)] = 0.305958
[J (v2) (-1)] = 15
[rho (v2) (-1)] = 0.305958
[J (v2) (-1)] = 15
[rho (v2) (-1)] = 0.305958
[J (v2) (-1)] = 15
[rho (v2) (-1)] = 0.305958
[J (v2) (-1)] = 15
[rho (v2) (1)] = 0.319519
[J (v2) (1)] = 16
[rho (v2) (-1)] = 0.305958
[J (v2) (-1)] = 15
[rho (v2) (-1)] = 0.305958
[J (v2) (-1)] = 15
[rho (v2) (1)] = 0.319519
[J (v2) (1)] = 16
[rho (v2) (1)] = 0.319519
[J (v2) (1)] = 16
[rho (v2) (-1)] = 0.305958
[J (v2) (-1)] = 15
[rho (v2) (1)] = 0.319519
[J (v2) (1)] = 16
[rho (v2) (-1)] = 0.305958
[J (v2) (-1)] = 15
[rho (v2) (1)] = 0.319519
[J (v2) (1)] = 16
[rho (v2) (-1)] = 0.305958
[J (v2) (-1)] = 15
[rho (v2) (1)] = 0.319519
[J (v2) (1)] = 16
[rho (v2) (-1)] = 0.305958
[J (v2) (-1)] = 15
[rho (v2) (-1)] = 0.305958
[J (v2) (-1)] = 15
[PS_DBG] L1(rhs_C)=6.135979e+08
[RT_DBG] C→I→C max_err=0.000000e+00  (should be ~0)
[PS_DBG] L1(rhs_I)=6.135979e+08  (should==rhs_C)
[XFFT_RT] fwd-bwd/N-fwd max_err=1.421085e-13  (should be ~1e-14)
[PS_DBG] L1(hat_I after fft_x)=3.126273e+09
[RT_DBG] I→Y→I max_err=0.000000e+00  (should be ~0)
[PS_DBG] L1(hat_Y after I2Y)=3.126273e+09  (should==hat_I)
[YFFT_RT] fwd-bwd/N-fwd max_err=3.637979e-12  (should be ~0)
[PS_DBG] L1(hat_Y after fft_y)=2.529679e+10
[FULL_RT] rhs_C→fwd→bwd max_err=1.421085e-13  (should be ~1e-14)
[PS_DBG] L1(hat_Y after tdma_z)=3.049362e+06
[PS_DBG] L1(hat_Y after ifft_y)=1.211679e+08
[PS_DBG] L1(hat_I after Y2I)=1.211679e+08  (should==ifft_y)
[PS_DBG] L1(dp_I after ifft_x)=5.521351e+09
[PS_DBG] L1(dp interior after I2C)=8.424913e+04  (should==dp_I/scale)
[PS_DBG] L1(dp_I scaled)=8.424913e+04
[POISSON_DBG] max|∇²(dp)-rhs|=5.144329e-12 at global(i=203,j=216,k=127) rank=30  is_last_zrow=0
[POISSON_DBG]   lap=-1.9491988204e+02 rhs=-1.9491988204e+02  err=5.1443e-12
[POISSON_DBG]   lx=-2.343813e+01 ly=-7.164135e+01 lz=-9.984041e+01  (lx+ly=-9.507948e+01)
[POISSON_DBG]   dp(k-1)=9.4692437292e-04 dp(k+1)=8.6973611362e-03

    Timestep         Time           dt          CFL      maxDivU          WSS        u_tau          U_b      rho_max      rho_min
           1  3.11679e-02  3.11679e-02  1.00000e+00  1.62093e-13  2.39571e-04  1.54781e-02  1.00000e+00  2.62579e-01  3.64143e-02
           2  5.66220e-02  2.54541e-02  1.00000e+00  2.46470e-13  2.03898e-04  1.42793e-02  1.00000e+00  2.37069e-01  3.01412e-02
           3  7.72019e-02  2.05799e-02  1.00000e+00  2.93987e-13  1.79260e-03  4.23391e-02  1.00000e+00  2.10632e-01  2.46540e-02
           4  9.27267e-02  1.55249e-02  1.00000e+00  4.79616e-13  3.64750e-03  6.03946e-02  1.00000e+00  1.77058e-01  1.88263e-02
           5  1.02486e-01  9.75890e-03  1.00000e+00  4.96492e-13  5.34521e-03  7.31109e-02  1.00000e+00  1.27986e-01  1.20020e-02
           6  1.08279e-01  5.79348e-03  1.00000e+00  5.32907e-13  5.90910e-03  7.68707e-02  1.00000e+00  8.47161e-02  7.19529e-03
           7  1.12931e-01  4.65182e-03  1.00000e+00  1.00187e-12  6.40183e-03  8.00114e-02  1.00000e+00  7.03505e-02  5.79381e-03
           8  1.15622e-01  2.69154e-03  1.00000e+00  1.11910e-12  6.37020e-03  7.98135e-02  1.00000e+00  4.32469e-02  3.36874e-03
           9  1.17749e-01  2.12686e-03  1.00000e+00  1.42109e-12  6.29558e-03  7.93447e-02  1.00000e+00  3.47998e-02  2.66575e-03
          10  1.19270e-01  1.52070e-03  1.00000e+00  2.79954e-12  6.19205e-03  7.86896e-02  1.00000e+00  2.53810e-02  1.90891e-03
[TDMA time (step>20000)] 0.000000e+00 s  (max over ranks)
[channel] done. t=0.11927 step=10 dPdx=6.878e-01
[2026-04-24 18:02:38] Finished  (exit=0)
