==============================================
 Job     : ch_filtered_tdma  (ID=28101)
 Input   : /shared/home/wel1come1234/workspace/Filtered_TDMA/channel/PARA_INPUT.dat
 MPI     : np1=4  np2=4  np3=2  -> NP=32
 Binary  : /shared/home/wel1come1234/workspace/Filtered_TDMA/build/bin/channel.out
==============================================
[2026-04-24 23:38:47] Starting  mpirun -np 32
====== Channel Config ======
  meshes:    n1m=256 n2m=256 n3m=256 (n1=257 n2=257 n3=257)
  MPI_procs: np1=4 np2=4 np3=2 (total=32)
  periodic:  pbc1=1 pbc2=1 pbc3=0 (z is wall-normal)
  uniform:   1 1 0   stretch gamma: 0 0 1.3
  domain:    Lx=12.5664 Ly=6.28319 Lz=2 (H=2, Aspect1=6.28319 Aspect2=3.14159)
  flow:      Re_b=2857 MaxCFL=1
  time:      dtStart=0.05 tStart=0 Timestepmax=10
  forcing:   MASS_FLOW  Ub_target=1  dPdx_target=0
  restart:   in=0 out=1  './restart_in/' './restart_out/'
  output:    nmonitor=1  nstat_start=0  nstat=1
             nout_stats=10  nout=10  out_stats=1  out_field=1
             stat_dir='./statistics/' instant_dir='./instant/'
  tdma:      backend=filtered
============================
[2026-04-24 23:38:47] Finished  (exit=134)
