==============================================
 Job     : ch_filtered_tdma  (ID=28102)
 Input   : /shared/home/wel1come1234/workspace/Filtered_TDMA/channel/PARA_INPUT.dat
 MPI     : np1=4  np2=4  np3=2  -> NP=32
 Binary  : /shared/home/wel1come1234/workspace/Filtered_TDMA/build/bin/channel.out
==============================================
[2026-04-24 23:40:09] Starting  mpirun -np 32
====== Channel Config ======
  meshes:    n1m=256 n2m=256 n3m=256 (n1=257 n2=257 n3=257)
  MPI_procs: np1=4 np2=4 np3=2 (total=32)
  periodic:  pbc1=1 pbc2=1 pbc3=0 (z is wall-normal)
  uniform:   1 1 0   stretch gamma: 0 0 1.3
  domain:    Lx=12.5664 Ly=6.28319 Lz=2 (H=2, Aspect1=6.28319 Aspect2=3.14159)
  flow:      Re_b=2857 MaxCFL=1
  time:      dtStart=0.05 tStart=0 Timestepmax=10
  forcing:   MASS_FLOW  Ub_target=1  dPdx_target=0
  restart:   in=0 out=1  './restart_in/' './restart_out/'
  output:    nmonitor=1  nstat_start=0  nstat=1
             nout_stats=10  nout=10  out_stats=1  out_field=1
             stat_dir='./statistics/' instant_dir='./instant/'
  tdma:      backend=filtered
============================
====== MpiTopology ======
  dims=(4,4,2)  total=32
  periodic=(1,1,0)
=========================

    Timestep         Time           dt      maxDivU          WSS        u_tau          U_b      rho_max      rho_min
           1  3.11679e-02  3.11679e-02  1.62093e-13  2.39571e-04  1.54781e-02  1.00000e+00  2.62579e-01  3.64143e-02
           2  5.66220e-02  2.54541e-02  2.46470e-13  2.03898e-04  1.42793e-02  1.00000e+00  2.37069e-01  3.01412e-02
           3  7.72019e-02  2.05799e-02  2.93987e-13  1.79260e-03  4.23391e-02  1.00000e+00  2.10632e-01  2.46540e-02
           4  9.27267e-02  1.55249e-02  4.79616e-13  3.64750e-03  6.03946e-02  1.00000e+00  1.77058e-01  1.88263e-02
           5  1.02486e-01  9.75890e-03  4.96492e-13  5.34521e-03  7.31109e-02  1.00000e+00  1.27986e-01  1.20020e-02
           6  1.08279e-01  5.79348e-03  5.32907e-13  5.90910e-03  7.68707e-02  1.00000e+00  8.47161e-02  7.19529e-03
           7  1.12931e-01  4.65182e-03  1.00187e-12  6.40183e-03  8.00114e-02  1.00000e+00  7.03505e-02  5.79381e-03
           8  1.15622e-01  2.69154e-03  1.11910e-12  6.37020e-03  7.98135e-02  1.00000e+00  4.32469e-02  3.36874e-03
           9  1.17749e-01  2.12686e-03  1.42109e-12  6.29558e-03  7.93447e-02  1.00000e+00  3.47998e-02  2.66575e-03
          10  1.19270e-01  1.52070e-03  2.79954e-12  6.19205e-03  7.86896e-02  1.00000e+00  2.53810e-02  1.90891e-03
[TDMA time (step>20000)] 0.000000e+00 s  (max over ranks)
[channel] done. t=0.11927 step=10 dPdx=6.878e-01
[2026-04-24 23:41:18] Finished  (exit=0)
