============================================================
 host : gpu56   date : 2026-06-28 13:37:43
 bin  : /scratch/x3319a05/Filtered_TDMA/build_sm90/bin/heat_gpu.out (614K)
============================================================
0, NVIDIA H200, 143771 MiB
1, NVIDIA H200, 143771 MiB
2, NVIDIA H200, 143771 MiB
3, NVIDIA H200, 143771 MiB
4, NVIDIA H200, 143771 MiB
5, NVIDIA H200, 143771 MiB
6, NVIDIA H200, 143771 MiB
7, NVIDIA H200, 143771 MiB

---- strong_1024x1024x1024_np8_pascal_rho025  NP=8  [13:37:43] ----
[Tmax] = 0.000114441 | [max_iter] = 30
[nx] = 1024 | [ny] = 1024 | [nz] = 128
[rho] = 0.25
[backend] = pascal
 [Timing] CSV saved to /scratch/x3319a05/Filtered_TDMA/apps/heat_gpu/results/scaling_profile/h200/strong_1024/timing_strong_1024x1024x1024_np8_pascal_rho025.csv
   [wall 9s]  -> timing_strong_1024x1024x1024_np8_pascal_rho025.csv

---- strong_1024x1024x1024_np8_pascal_rho040  NP=8  [13:37:52] ----
[Tmax] = 0.000457764 | [max_iter] = 30
[nx] = 1024 | [ny] = 1024 | [nz] = 128
[rho] = 0.4
[backend] = pascal
 [Timing] CSV saved to /scratch/x3319a05/Filtered_TDMA/apps/heat_gpu/results/scaling_profile/h200/strong_1024/timing_strong_1024x1024x1024_np8_pascal_rho040.csv
   [wall 8s]  -> timing_strong_1024x1024x1024_np8_pascal_rho040.csv

---- strong_1024x1024x1024_np8_filtered_v2_rho025  NP=8  [13:38:00] ----
[Tmax] = 0.000114441 | [max_iter] = 30
[nx] = 1024 | [ny] = 1024 | [nz] = 128
[rho] = 0.25
[backend] = filtered_v2
 [Timing] CSV saved to /scratch/x3319a05/Filtered_TDMA/apps/heat_gpu/results/scaling_profile/h200/strong_1024/timing_strong_1024x1024x1024_np8_filtered_v2_rho025.csv
   [wall 8s]  -> timing_strong_1024x1024x1024_np8_filtered_v2_rho025.csv

---- strong_1024x1024x1024_np8_filtered_v2_rho040  NP=8  [13:38:08] ----
[Tmax] = 0.000457764 | [max_iter] = 30
[nx] = 1024 | [ny] = 1024 | [nz] = 128
[rho] = 0.4
[backend] = filtered_v2
 [Timing] CSV saved to /scratch/x3319a05/Filtered_TDMA/apps/heat_gpu/results/scaling_profile/h200/strong_1024/timing_strong_1024x1024x1024_np8_filtered_v2_rho040.csv
   [wall 8s]  -> timing_strong_1024x1024x1024_np8_filtered_v2_rho040.csv

---- strong_1024x1024x1024_np4_pascal_rho025  NP=4  [13:38:16] ----
[Tmax] = 0.000114441 | [max_iter] = 30
[nx] = 1024 | [ny] = 1024 | [nz] = 256
[rho] = 0.25
[backend] = pascal
 [Timing] CSV saved to /scratch/x3319a05/Filtered_TDMA/apps/heat_gpu/results/scaling_profile/h200/strong_1024/timing_strong_1024x1024x1024_np4_pascal_rho025.csv
   [wall 7s]  -> timing_strong_1024x1024x1024_np4_pascal_rho025.csv

---- strong_1024x1024x1024_np4_pascal_rho040  NP=4  [13:38:23] ----
[Tmax] = 0.000457764 | [max_iter] = 30
[nx] = 1024 | [ny] = 1024 | [nz] = 256
[rho] = 0.4
[backend] = pascal
 [Timing] CSV saved to /scratch/x3319a05/Filtered_TDMA/apps/heat_gpu/results/scaling_profile/h200/strong_1024/timing_strong_1024x1024x1024_np4_pascal_rho040.csv
   [wall 7s]  -> timing_strong_1024x1024x1024_np4_pascal_rho040.csv

---- strong_1024x1024x1024_np4_filtered_v2_rho025  NP=4  [13:38:30] ----
[Tmax] = 0.000114441 | [max_iter] = 30
[nx] = 1024 | [ny] = 1024 | [nz] = 256
[rho] = 0.25
[backend] = filtered_v2
 [Timing] CSV saved to /scratch/x3319a05/Filtered_TDMA/apps/heat_gpu/results/scaling_profile/h200/strong_1024/timing_strong_1024x1024x1024_np4_filtered_v2_rho025.csv
   [wall 6s]  -> timing_strong_1024x1024x1024_np4_filtered_v2_rho025.csv

---- strong_1024x1024x1024_np4_filtered_v2_rho040  NP=4  [13:38:36] ----
[Tmax] = 0.000457764 | [max_iter] = 30
[nx] = 1024 | [ny] = 1024 | [nz] = 256
[rho] = 0.4
[backend] = filtered_v2
 [Timing] CSV saved to /scratch/x3319a05/Filtered_TDMA/apps/heat_gpu/results/scaling_profile/h200/strong_1024/timing_strong_1024x1024x1024_np4_filtered_v2_rho040.csv
   [wall 7s]  -> timing_strong_1024x1024x1024_np4_filtered_v2_rho040.csv

---- strong_1024x1024x1024_np2_pascal_rho025  NP=2  [13:38:43] ----
[Tmax] = 0.000114441 | [max_iter] = 30
[nx] = 1024 | [ny] = 1024 | [nz] = 512
[rho] = 0.25
[backend] = pascal
 [Timing] CSV saved to /scratch/x3319a05/Filtered_TDMA/apps/heat_gpu/results/scaling_profile/h200/strong_1024/timing_strong_1024x1024x1024_np2_pascal_rho025.csv
   [wall 8s]  -> timing_strong_1024x1024x1024_np2_pascal_rho025.csv

---- strong_1024x1024x1024_np2_pascal_rho040  NP=2  [13:38:51] ----
[Tmax] = 0.000457764 | [max_iter] = 30
[nx] = 1024 | [ny] = 1024 | [nz] = 512
[rho] = 0.4
[backend] = pascal
 [Timing] CSV saved to /scratch/x3319a05/Filtered_TDMA/apps/heat_gpu/results/scaling_profile/h200/strong_1024/timing_strong_1024x1024x1024_np2_pascal_rho040.csv
   [wall 7s]  -> timing_strong_1024x1024x1024_np2_pascal_rho040.csv

---- strong_1024x1024x1024_np2_filtered_v2_rho025  NP=2  [13:38:58] ----
[Tmax] = 0.000114441 | [max_iter] = 30
[nx] = 1024 | [ny] = 1024 | [nz] = 512
[rho] = 0.25
[backend] = filtered_v2
 [Timing] CSV saved to /scratch/x3319a05/Filtered_TDMA/apps/heat_gpu/results/scaling_profile/h200/strong_1024/timing_strong_1024x1024x1024_np2_filtered_v2_rho025.csv
   [wall 8s]  -> timing_strong_1024x1024x1024_np2_filtered_v2_rho025.csv

---- strong_1024x1024x1024_np2_filtered_v2_rho040  NP=2  [13:39:06] ----
[Tmax] = 0.000457764 | [max_iter] = 30
[nx] = 1024 | [ny] = 1024 | [nz] = 512
[rho] = 0.4
[backend] = filtered_v2
 [Timing] CSV saved to /scratch/x3319a05/Filtered_TDMA/apps/heat_gpu/results/scaling_profile/h200/strong_1024/timing_strong_1024x1024x1024_np2_filtered_v2_rho040.csv
   [wall 8s]  -> timing_strong_1024x1024x1024_np2_filtered_v2_rho040.csv

---- strong_1024x1024x1024_np1_pascal_rho025  NP=1  [13:39:14] ----
[Tmax] = 0.000114441 | [max_iter] = 30
[nx] = 1024 | [ny] = 1024 | [nz] = 1024
[rho] = 0.25
[backend] = pascal
 [Timing] CSV saved to /scratch/x3319a05/Filtered_TDMA/apps/heat_gpu/results/scaling_profile/h200/strong_1024/timing_strong_1024x1024x1024_np1_pascal_rho025.csv
   [wall 10s]  -> timing_strong_1024x1024x1024_np1_pascal_rho025.csv

---- strong_1024x1024x1024_np1_pascal_rho040  NP=1  [13:39:24] ----
[Tmax] = 0.000457764 | [max_iter] = 30
[nx] = 1024 | [ny] = 1024 | [nz] = 1024
[rho] = 0.4
[backend] = pascal
 [Timing] CSV saved to /scratch/x3319a05/Filtered_TDMA/apps/heat_gpu/results/scaling_profile/h200/strong_1024/timing_strong_1024x1024x1024_np1_pascal_rho040.csv
   [wall 10s]  -> timing_strong_1024x1024x1024_np1_pascal_rho040.csv

---- strong_1024x1024x1024_np1_filtered_v2_rho025  NP=1  [13:39:34] ----
[Tmax] = 0.000114441 | [max_iter] = 30
[nx] = 1024 | [ny] = 1024 | [nz] = 1024
[rho] = 0.25
[backend] = filtered_v2
 [Timing] CSV saved to /scratch/x3319a05/Filtered_TDMA/apps/heat_gpu/results/scaling_profile/h200/strong_1024/timing_strong_1024x1024x1024_np1_filtered_v2_rho025.csv
   [wall 10s]  -> timing_strong_1024x1024x1024_np1_filtered_v2_rho025.csv

---- strong_1024x1024x1024_np1_filtered_v2_rho040  NP=1  [13:39:44] ----
[Tmax] = 0.000457764 | [max_iter] = 30
[nx] = 1024 | [ny] = 1024 | [nz] = 1024
[rho] = 0.4
[backend] = filtered_v2
 [Timing] CSV saved to /scratch/x3319a05/Filtered_TDMA/apps/heat_gpu/results/scaling_profile/h200/strong_1024/timing_strong_1024x1024x1024_np1_filtered_v2_rho040.csv
   [wall 10s]  -> timing_strong_1024x1024x1024_np1_filtered_v2_rho040.csv

==== DONE 2026-06-28 13:39:54 ====
CSVs: 16 / 16   in /scratch/x3319a05/Filtered_TDMA/apps/heat_gpu/results/scaling_profile/h200/strong_1024
