============================================================
 host : gpu56
 date : 2026-06-28 13:12:13
 bin  : /scratch/x3319a05/Filtered_TDMA/build_sm90/bin/heat_gpu.out (614K)
============================================================
0, NVIDIA H200
1, NVIDIA H200
2, NVIDIA H200
3, NVIDIA H200
4, NVIDIA H200
5, NVIDIA H200
6, NVIDIA H200
7, NVIDIA H200

################## strong ##################
---- strong_64x64x512_np1_pascal_rho025  NP=1  [13:12:13] ----
[Tmax] = 0.000457764 | [max_iter] = 30
[rho] = 0.25
[backend] = pascal
 [Timing] CSV saved to /scratch/x3319a05/Filtered_TDMA/apps/heat_gpu/results/scaling_profile/h200/strong/timing_strong_64x64x512_np1_pascal_rho025.csv
   [wall 4s]  -> timing_strong_64x64x512_np1_pascal_rho025.csv
---- strong_64x64x512_np1_pascal_rho040  NP=1  [13:12:17] ----
[Tmax] = 0.00183105 | [max_iter] = 30
[rho] = 0.4
[backend] = pascal
 [Timing] CSV saved to /scratch/x3319a05/Filtered_TDMA/apps/heat_gpu/results/scaling_profile/h200/strong/timing_strong_64x64x512_np1_pascal_rho040.csv
   [wall 3s]  -> timing_strong_64x64x512_np1_pascal_rho040.csv
---- strong_64x64x512_np2_pascal_rho025  NP=2  [13:12:20] ----
[Tmax] = 0.000457764 | [max_iter] = 30
[rho] = 0.25
[backend] = pascal
 [Timing] CSV saved to /scratch/x3319a05/Filtered_TDMA/apps/heat_gpu/results/scaling_profile/h200/strong/timing_strong_64x64x512_np2_pascal_rho025.csv
   [wall 5s]  -> timing_strong_64x64x512_np2_pascal_rho025.csv
---- strong_64x64x512_np2_pascal_rho040  NP=2  [13:12:25] ----
[Tmax] = 0.00183105 | [max_iter] = 30
[rho] = 0.4
[backend] = pascal
 [Timing] CSV saved to /scratch/x3319a05/Filtered_TDMA/apps/heat_gpu/results/scaling_profile/h200/strong/timing_strong_64x64x512_np2_pascal_rho040.csv
   [wall 4s]  -> timing_strong_64x64x512_np2_pascal_rho040.csv
---- strong_64x64x512_np4_pascal_rho025  NP=4  [13:12:29] ----
[Tmax] = 0.000457764 | [max_iter] = 30
[rho] = 0.25
[backend] = pascal
 [Timing] CSV saved to /scratch/x3319a05/Filtered_TDMA/apps/heat_gpu/results/scaling_profile/h200/strong/timing_strong_64x64x512_np4_pascal_rho025.csv
   [wall 5s]  -> timing_strong_64x64x512_np4_pascal_rho025.csv
---- strong_64x64x512_np4_pascal_rho040  NP=4  [13:12:34] ----
[Tmax] = 0.00183105 | [max_iter] = 30
[rho] = 0.4
[backend] = pascal
 [Timing] CSV saved to /scratch/x3319a05/Filtered_TDMA/apps/heat_gpu/results/scaling_profile/h200/strong/timing_strong_64x64x512_np4_pascal_rho040.csv
   [wall 5s]  -> timing_strong_64x64x512_np4_pascal_rho040.csv
---- strong_64x64x512_np8_pascal_rho025  NP=8  [13:12:39] ----
[Tmax] = 0.000457764 | [max_iter] = 30
[rho] = 0.25
[backend] = pascal
 [Timing] CSV saved to /scratch/x3319a05/Filtered_TDMA/apps/heat_gpu/results/scaling_profile/h200/strong/timing_strong_64x64x512_np8_pascal_rho025.csv
   [wall 7s]  -> timing_strong_64x64x512_np8_pascal_rho025.csv
---- strong_64x64x512_np8_pascal_rho040  NP=8  [13:12:46] ----
[Tmax] = 0.00183105 | [max_iter] = 30
[rho] = 0.4
[backend] = pascal
 [Timing] CSV saved to /scratch/x3319a05/Filtered_TDMA/apps/heat_gpu/results/scaling_profile/h200/strong/timing_strong_64x64x512_np8_pascal_rho040.csv
   [wall 7s]  -> timing_strong_64x64x512_np8_pascal_rho040.csv
---- strong_128x128x1024_np1_pascal_rho025  NP=1  [13:12:53] ----
[Tmax] = 0.000114441 | [max_iter] = 30
[rho] = 0.25
[backend] = pascal
 [Timing] CSV saved to /scratch/x3319a05/Filtered_TDMA/apps/heat_gpu/results/scaling_profile/h200/strong/timing_strong_128x128x1024_np1_pascal_rho025.csv
   [wall 3s]  -> timing_strong_128x128x1024_np1_pascal_rho025.csv
---- strong_128x128x1024_np1_pascal_rho040  NP=1  [13:12:56] ----
[Tmax] = 0.000457764 | [max_iter] = 30
[rho] = 0.4
[backend] = pascal
 [Timing] CSV saved to /scratch/x3319a05/Filtered_TDMA/apps/heat_gpu/results/scaling_profile/h200/strong/timing_strong_128x128x1024_np1_pascal_rho040.csv
   [wall 4s]  -> timing_strong_128x128x1024_np1_pascal_rho040.csv
---- strong_128x128x1024_np2_pascal_rho025  NP=2  [13:13:00] ----
[Tmax] = 0.000114441 | [max_iter] = 30
[rho] = 0.25
[backend] = pascal
 [Timing] CSV saved to /scratch/x3319a05/Filtered_TDMA/apps/heat_gpu/results/scaling_profile/h200/strong/timing_strong_128x128x1024_np2_pascal_rho025.csv
   [wall 5s]  -> timing_strong_128x128x1024_np2_pascal_rho025.csv
---- strong_128x128x1024_np2_pascal_rho040  NP=2  [13:13:05] ----
[Tmax] = 0.000457764 | [max_iter] = 30
[rho] = 0.4
[backend] = pascal
 [Timing] CSV saved to /scratch/x3319a05/Filtered_TDMA/apps/heat_gpu/results/scaling_profile/h200/strong/timing_strong_128x128x1024_np2_pascal_rho040.csv
   [wall 4s]  -> timing_strong_128x128x1024_np2_pascal_rho040.csv
---- strong_128x128x1024_np4_pascal_rho025  NP=4  [13:13:09] ----
[Tmax] = 0.000114441 | [max_iter] = 30
[rho] = 0.25
[backend] = pascal
 [Timing] CSV saved to /scratch/x3319a05/Filtered_TDMA/apps/heat_gpu/results/scaling_profile/h200/strong/timing_strong_128x128x1024_np4_pascal_rho025.csv
   [wall 6s]  -> timing_strong_128x128x1024_np4_pascal_rho025.csv
---- strong_128x128x1024_np4_pascal_rho040  NP=4  [13:13:15] ----
[Tmax] = 0.000457764 | [max_iter] = 30
[rho] = 0.4
[backend] = pascal
 [Timing] CSV saved to /scratch/x3319a05/Filtered_TDMA/apps/heat_gpu/results/scaling_profile/h200/strong/timing_strong_128x128x1024_np4_pascal_rho040.csv
   [wall 4s]  -> timing_strong_128x128x1024_np4_pascal_rho040.csv
---- strong_128x128x1024_np8_pascal_rho025  NP=8  [13:13:19] ----
[Tmax] = 0.000114441 | [max_iter] = 30
[rho] = 0.25
[backend] = pascal
 [Timing] CSV saved to /scratch/x3319a05/Filtered_TDMA/apps/heat_gpu/results/scaling_profile/h200/strong/timing_strong_128x128x1024_np8_pascal_rho025.csv
   [wall 8s]  -> timing_strong_128x128x1024_np8_pascal_rho025.csv
---- strong_128x128x1024_np8_pascal_rho040  NP=8  [13:13:27] ----
[Tmax] = 0.000457764 | [max_iter] = 30
[rho] = 0.4
[backend] = pascal
 [Timing] CSV saved to /scratch/x3319a05/Filtered_TDMA/apps/heat_gpu/results/scaling_profile/h200/strong/timing_strong_128x128x1024_np8_pascal_rho040.csv
   [wall 7s]  -> timing_strong_128x128x1024_np8_pascal_rho040.csv
---- strong_256x256x2048_np1_pascal_rho025  NP=1  [13:13:34] ----
[Tmax] = 2.86102e-05 | [max_iter] = 30
[rho] = 0.25
[backend] = pascal
 [Timing] CSV saved to /scratch/x3319a05/Filtered_TDMA/apps/heat_gpu/results/scaling_profile/h200/strong/timing_strong_256x256x2048_np1_pascal_rho025.csv
   [wall 3s]  -> timing_strong_256x256x2048_np1_pascal_rho025.csv
---- strong_256x256x2048_np1_pascal_rho040  NP=1  [13:13:37] ----
[Tmax] = 0.000114441 | [max_iter] = 30
[rho] = 0.4
[backend] = pascal
 [Timing] CSV saved to /scratch/x3319a05/Filtered_TDMA/apps/heat_gpu/results/scaling_profile/h200/strong/timing_strong_256x256x2048_np1_pascal_rho040.csv
   [wall 5s]  -> timing_strong_256x256x2048_np1_pascal_rho040.csv
---- strong_256x256x2048_np2_pascal_rho025  NP=2  [13:13:42] ----
[Tmax] = 2.86102e-05 | [max_iter] = 30
[rho] = 0.25
[backend] = pascal
 [Timing] CSV saved to /scratch/x3319a05/Filtered_TDMA/apps/heat_gpu/results/scaling_profile/h200/strong/timing_strong_256x256x2048_np2_pascal_rho025.csv
   [wall 5s]  -> timing_strong_256x256x2048_np2_pascal_rho025.csv
---- strong_256x256x2048_np2_pascal_rho040  NP=2  [13:13:47] ----
[Tmax] = 0.000114441 | [max_iter] = 30
[rho] = 0.4
[backend] = pascal
 [Timing] CSV saved to /scratch/x3319a05/Filtered_TDMA/apps/heat_gpu/results/scaling_profile/h200/strong/timing_strong_256x256x2048_np2_pascal_rho040.csv
   [wall 4s]  -> timing_strong_256x256x2048_np2_pascal_rho040.csv
---- strong_256x256x2048_np4_pascal_rho025  NP=4  [13:13:51] ----
[Tmax] = 2.86102e-05 | [max_iter] = 30
[rho] = 0.25
[backend] = pascal
 [Timing] CSV saved to /scratch/x3319a05/Filtered_TDMA/apps/heat_gpu/results/scaling_profile/h200/strong/timing_strong_256x256x2048_np4_pascal_rho025.csv
   [wall 6s]  -> timing_strong_256x256x2048_np4_pascal_rho025.csv
---- strong_256x256x2048_np4_pascal_rho040  NP=4  [13:13:57] ----
[Tmax] = 0.000114441 | [max_iter] = 30
[rho] = 0.4
[backend] = pascal
 [Timing] CSV saved to /scratch/x3319a05/Filtered_TDMA/apps/heat_gpu/results/scaling_profile/h200/strong/timing_strong_256x256x2048_np4_pascal_rho040.csv
   [wall 5s]  -> timing_strong_256x256x2048_np4_pascal_rho040.csv
---- strong_256x256x2048_np8_pascal_rho025  NP=8  [13:14:02] ----
[Tmax] = 2.86102e-05 | [max_iter] = 30
[rho] = 0.25
[backend] = pascal
 [Timing] CSV saved to /scratch/x3319a05/Filtered_TDMA/apps/heat_gpu/results/scaling_profile/h200/strong/timing_strong_256x256x2048_np8_pascal_rho025.csv
   [wall 8s]  -> timing_strong_256x256x2048_np8_pascal_rho025.csv
---- strong_256x256x2048_np8_pascal_rho040  NP=8  [13:14:10] ----
[Tmax] = 0.000114441 | [max_iter] = 30
[rho] = 0.4
[backend] = pascal
 [Timing] CSV saved to /scratch/x3319a05/Filtered_TDMA/apps/heat_gpu/results/scaling_profile/h200/strong/timing_strong_256x256x2048_np8_pascal_rho040.csv
   [wall 7s]  -> timing_strong_256x256x2048_np8_pascal_rho040.csv
---- strong_64x64x512_np1_filtered_v2_rho025  NP=1  [13:14:17] ----
[Tmax] = 0.000457764 | [max_iter] = 30
[rho] = 0.25
[backend] = filtered_v2
 [Timing] CSV saved to /scratch/x3319a05/Filtered_TDMA/apps/heat_gpu/results/scaling_profile/h200/strong/timing_strong_64x64x512_np1_filtered_v2_rho025.csv
   [wall 3s]  -> timing_strong_64x64x512_np1_filtered_v2_rho025.csv
---- strong_64x64x512_np1_filtered_v2_rho040  NP=1  [13:14:20] ----
[Tmax] = 0.00183105 | [max_iter] = 30
[rho] = 0.4
[backend] = filtered_v2
 [Timing] CSV saved to /scratch/x3319a05/Filtered_TDMA/apps/heat_gpu/results/scaling_profile/h200/strong/timing_strong_64x64x512_np1_filtered_v2_rho040.csv
   [wall 4s]  -> timing_strong_64x64x512_np1_filtered_v2_rho040.csv
---- strong_64x64x512_np2_filtered_v2_rho025  NP=2  [13:14:24] ----
[Tmax] = 0.000457764 | [max_iter] = 30
[rho] = 0.25
[backend] = filtered_v2
 [Timing] CSV saved to /scratch/x3319a05/Filtered_TDMA/apps/heat_gpu/results/scaling_profile/h200/strong/timing_strong_64x64x512_np2_filtered_v2_rho025.csv
   [wall 4s]  -> timing_strong_64x64x512_np2_filtered_v2_rho025.csv
---- strong_64x64x512_np2_filtered_v2_rho040  NP=2  [13:14:28] ----
[Tmax] = 0.00183105 | [max_iter] = 30
[rho] = 0.4
[backend] = filtered_v2
 [Timing] CSV saved to /scratch/x3319a05/Filtered_TDMA/apps/heat_gpu/results/scaling_profile/h200/strong/timing_strong_64x64x512_np2_filtered_v2_rho040.csv
   [wall 4s]  -> timing_strong_64x64x512_np2_filtered_v2_rho040.csv
---- strong_64x64x512_np4_filtered_v2_rho025  NP=4  [13:14:32] ----
[Tmax] = 0.000457764 | [max_iter] = 30
[rho] = 0.25
[backend] = filtered_v2
 [Timing] CSV saved to /scratch/x3319a05/Filtered_TDMA/apps/heat_gpu/results/scaling_profile/h200/strong/timing_strong_64x64x512_np4_filtered_v2_rho025.csv
   [wall 5s]  -> timing_strong_64x64x512_np4_filtered_v2_rho025.csv
---- strong_64x64x512_np4_filtered_v2_rho040  NP=4  [13:14:37] ----
[Tmax] = 0.00183105 | [max_iter] = 30
[rho] = 0.4
[backend] = filtered_v2
 [Timing] CSV saved to /scratch/x3319a05/Filtered_TDMA/apps/heat_gpu/results/scaling_profile/h200/strong/timing_strong_64x64x512_np4_filtered_v2_rho040.csv
   [wall 5s]  -> timing_strong_64x64x512_np4_filtered_v2_rho040.csv
---- strong_64x64x512_np8_filtered_v2_rho025  NP=8  [13:14:42] ----
[Tmax] = 0.000457764 | [max_iter] = 30
[rho] = 0.25
[backend] = filtered_v2
 [Timing] CSV saved to /scratch/x3319a05/Filtered_TDMA/apps/heat_gpu/results/scaling_profile/h200/strong/timing_strong_64x64x512_np8_filtered_v2_rho025.csv
   [wall 7s]  -> timing_strong_64x64x512_np8_filtered_v2_rho025.csv
---- strong_64x64x512_np8_filtered_v2_rho040  NP=8  [13:14:50] ----
[Tmax] = 0.00183105 | [max_iter] = 30
[rho] = 0.4
[backend] = filtered_v2
 [Timing] CSV saved to /scratch/x3319a05/Filtered_TDMA/apps/heat_gpu/results/scaling_profile/h200/strong/timing_strong_64x64x512_np8_filtered_v2_rho040.csv
   [wall 6s]  -> timing_strong_64x64x512_np8_filtered_v2_rho040.csv
---- strong_128x128x1024_np1_filtered_v2_rho025  NP=1  [13:14:56] ----
[Tmax] = 0.000114441 | [max_iter] = 30
[rho] = 0.25
[backend] = filtered_v2
 [Timing] CSV saved to /scratch/x3319a05/Filtered_TDMA/apps/heat_gpu/results/scaling_profile/h200/strong/timing_strong_128x128x1024_np1_filtered_v2_rho025.csv
   [wall 3s]  -> timing_strong_128x128x1024_np1_filtered_v2_rho025.csv
---- strong_128x128x1024_np1_filtered_v2_rho040  NP=1  [13:14:59] ----
[Tmax] = 0.000457764 | [max_iter] = 30
[rho] = 0.4
[backend] = filtered_v2
 [Timing] CSV saved to /scratch/x3319a05/Filtered_TDMA/apps/heat_gpu/results/scaling_profile/h200/strong/timing_strong_128x128x1024_np1_filtered_v2_rho040.csv
   [wall 5s]  -> timing_strong_128x128x1024_np1_filtered_v2_rho040.csv
---- strong_128x128x1024_np2_filtered_v2_rho025  NP=2  [13:15:04] ----
[Tmax] = 0.000114441 | [max_iter] = 30
[rho] = 0.25
[backend] = filtered_v2
 [Timing] CSV saved to /scratch/x3319a05/Filtered_TDMA/apps/heat_gpu/results/scaling_profile/h200/strong/timing_strong_128x128x1024_np2_filtered_v2_rho025.csv
   [wall 5s]  -> timing_strong_128x128x1024_np2_filtered_v2_rho025.csv
---- strong_128x128x1024_np2_filtered_v2_rho040  NP=2  [13:15:09] ----
[Tmax] = 0.000457764 | [max_iter] = 30
[rho] = 0.4
[backend] = filtered_v2
 [Timing] CSV saved to /scratch/x3319a05/Filtered_TDMA/apps/heat_gpu/results/scaling_profile/h200/strong/timing_strong_128x128x1024_np2_filtered_v2_rho040.csv
   [wall 4s]  -> timing_strong_128x128x1024_np2_filtered_v2_rho040.csv
---- strong_128x128x1024_np4_filtered_v2_rho025  NP=4  [13:15:13] ----
[Tmax] = 0.000114441 | [max_iter] = 30
[rho] = 0.25
[backend] = filtered_v2
 [Timing] CSV saved to /scratch/x3319a05/Filtered_TDMA/apps/heat_gpu/results/scaling_profile/h200/strong/timing_strong_128x128x1024_np4_filtered_v2_rho025.csv
   [wall 5s]  -> timing_strong_128x128x1024_np4_filtered_v2_rho025.csv
---- strong_128x128x1024_np4_filtered_v2_rho040  NP=4  [13:15:18] ----
[Tmax] = 0.000457764 | [max_iter] = 30
[rho] = 0.4
[backend] = filtered_v2
 [Timing] CSV saved to /scratch/x3319a05/Filtered_TDMA/apps/heat_gpu/results/scaling_profile/h200/strong/timing_strong_128x128x1024_np4_filtered_v2_rho040.csv
   [wall 5s]  -> timing_strong_128x128x1024_np4_filtered_v2_rho040.csv
---- strong_128x128x1024_np8_filtered_v2_rho025  NP=8  [13:15:23] ----
[Tmax] = 0.000114441 | [max_iter] = 30
[rho] = 0.25
[backend] = filtered_v2
 [Timing] CSV saved to /scratch/x3319a05/Filtered_TDMA/apps/heat_gpu/results/scaling_profile/h200/strong/timing_strong_128x128x1024_np8_filtered_v2_rho025.csv
   [wall 7s]  -> timing_strong_128x128x1024_np8_filtered_v2_rho025.csv
---- strong_128x128x1024_np8_filtered_v2_rho040  NP=8  [13:15:30] ----
[Tmax] = 0.000457764 | [max_iter] = 30
[rho] = 0.4
[backend] = filtered_v2
 [Timing] CSV saved to /scratch/x3319a05/Filtered_TDMA/apps/heat_gpu/results/scaling_profile/h200/strong/timing_strong_128x128x1024_np8_filtered_v2_rho040.csv
   [wall 6s]  -> timing_strong_128x128x1024_np8_filtered_v2_rho040.csv
---- strong_256x256x2048_np1_filtered_v2_rho025  NP=1  [13:15:36] ----
[Tmax] = 2.86102e-05 | [max_iter] = 30
[rho] = 0.25
[backend] = filtered_v2
 [Timing] CSV saved to /scratch/x3319a05/Filtered_TDMA/apps/heat_gpu/results/scaling_profile/h200/strong/timing_strong_256x256x2048_np1_filtered_v2_rho025.csv
   [wall 4s]  -> timing_strong_256x256x2048_np1_filtered_v2_rho025.csv
---- strong_256x256x2048_np1_filtered_v2_rho040  NP=1  [13:15:40] ----
[Tmax] = 0.000114441 | [max_iter] = 30
[rho] = 0.4
[backend] = filtered_v2
 [Timing] CSV saved to /scratch/x3319a05/Filtered_TDMA/apps/heat_gpu/results/scaling_profile/h200/strong/timing_strong_256x256x2048_np1_filtered_v2_rho040.csv
   [wall 5s]  -> timing_strong_256x256x2048_np1_filtered_v2_rho040.csv
---- strong_256x256x2048_np2_filtered_v2_rho025  NP=2  [13:15:45] ----
[Tmax] = 2.86102e-05 | [max_iter] = 30
[rho] = 0.25
[backend] = filtered_v2
 [Timing] CSV saved to /scratch/x3319a05/Filtered_TDMA/apps/heat_gpu/results/scaling_profile/h200/strong/timing_strong_256x256x2048_np2_filtered_v2_rho025.csv
   [wall 5s]  -> timing_strong_256x256x2048_np2_filtered_v2_rho025.csv
---- strong_256x256x2048_np2_filtered_v2_rho040  NP=2  [13:15:50] ----
[Tmax] = 0.000114441 | [max_iter] = 30
[rho] = 0.4
[backend] = filtered_v2
 [Timing] CSV saved to /scratch/x3319a05/Filtered_TDMA/apps/heat_gpu/results/scaling_profile/h200/strong/timing_strong_256x256x2048_np2_filtered_v2_rho040.csv
   [wall 4s]  -> timing_strong_256x256x2048_np2_filtered_v2_rho040.csv
---- strong_256x256x2048_np4_filtered_v2_rho025  NP=4  [13:15:54] ----
[Tmax] = 2.86102e-05 | [max_iter] = 30
[rho] = 0.25
[backend] = filtered_v2
 [Timing] CSV saved to /scratch/x3319a05/Filtered_TDMA/apps/heat_gpu/results/scaling_profile/h200/strong/timing_strong_256x256x2048_np4_filtered_v2_rho025.csv
   [wall 5s]  -> timing_strong_256x256x2048_np4_filtered_v2_rho025.csv
---- strong_256x256x2048_np4_filtered_v2_rho040  NP=4  [13:15:59] ----
[Tmax] = 0.000114441 | [max_iter] = 30
[rho] = 0.4
[backend] = filtered_v2
 [Timing] CSV saved to /scratch/x3319a05/Filtered_TDMA/apps/heat_gpu/results/scaling_profile/h200/strong/timing_strong_256x256x2048_np4_filtered_v2_rho040.csv
   [wall 6s]  -> timing_strong_256x256x2048_np4_filtered_v2_rho040.csv
---- strong_256x256x2048_np8_filtered_v2_rho025  NP=8  [13:16:05] ----
[Tmax] = 2.86102e-05 | [max_iter] = 30
[rho] = 0.25
[backend] = filtered_v2
 [Timing] CSV saved to /scratch/x3319a05/Filtered_TDMA/apps/heat_gpu/results/scaling_profile/h200/strong/timing_strong_256x256x2048_np8_filtered_v2_rho025.csv
   [wall 8s]  -> timing_strong_256x256x2048_np8_filtered_v2_rho025.csv
---- strong_256x256x2048_np8_filtered_v2_rho040  NP=8  [13:16:13] ----
[Tmax] = 0.000114441 | [max_iter] = 30
[rho] = 0.4
[backend] = filtered_v2
 [Timing] CSV saved to /scratch/x3319a05/Filtered_TDMA/apps/heat_gpu/results/scaling_profile/h200/strong/timing_strong_256x256x2048_np8_filtered_v2_rho040.csv
   [wall 7s]  -> timing_strong_256x256x2048_np8_filtered_v2_rho040.csv

################## weak ##################
---- weak_128cube_np1_pascal_rho025  NP=1  [13:16:20] ----
[Tmax] = 0.00732422 | [max_iter] = 30
[rho] = 0.25
[backend] = pascal
 [Timing] CSV saved to /scratch/x3319a05/Filtered_TDMA/apps/heat_gpu/results/scaling_profile/h200/weak/timing_weak_128cube_np1_pascal_rho025.csv
   [wall 3s]  -> timing_weak_128cube_np1_pascal_rho025.csv
---- weak_128cube_np1_pascal_rho040  NP=1  [13:16:23] ----
[Tmax] = 0.0292969 | [max_iter] = 30
[rho] = 0.4
[backend] = pascal
 [Timing] CSV saved to /scratch/x3319a05/Filtered_TDMA/apps/heat_gpu/results/scaling_profile/h200/weak/timing_weak_128cube_np1_pascal_rho040.csv
   [wall 3s]  -> timing_weak_128cube_np1_pascal_rho040.csv
---- weak_128cube_np2_pascal_rho025  NP=2  [13:16:26] ----
[Tmax] = 0.00183105 | [max_iter] = 30
[rho] = 0.25
[backend] = pascal
 [Timing] CSV saved to /scratch/x3319a05/Filtered_TDMA/apps/heat_gpu/results/scaling_profile/h200/weak/timing_weak_128cube_np2_pascal_rho025.csv
   [wall 5s]  -> timing_weak_128cube_np2_pascal_rho025.csv
---- weak_128cube_np2_pascal_rho040  NP=2  [13:16:31] ----
[Tmax] = 0.00732422 | [max_iter] = 30
[rho] = 0.4
[backend] = pascal
 [Timing] CSV saved to /scratch/x3319a05/Filtered_TDMA/apps/heat_gpu/results/scaling_profile/h200/weak/timing_weak_128cube_np2_pascal_rho040.csv
   [wall 4s]  -> timing_weak_128cube_np2_pascal_rho040.csv
---- weak_128cube_np4_pascal_rho025  NP=4  [13:16:35] ----
[Tmax] = 0.000457764 | [max_iter] = 30
[rho] = 0.25
[backend] = pascal
 [Timing] CSV saved to /scratch/x3319a05/Filtered_TDMA/apps/heat_gpu/results/scaling_profile/h200/weak/timing_weak_128cube_np4_pascal_rho025.csv
   [wall 5s]  -> timing_weak_128cube_np4_pascal_rho025.csv
---- weak_128cube_np4_pascal_rho040  NP=4  [13:16:40] ----
[Tmax] = 0.00183105 | [max_iter] = 30
[rho] = 0.4
[backend] = pascal
 [Timing] CSV saved to /scratch/x3319a05/Filtered_TDMA/apps/heat_gpu/results/scaling_profile/h200/weak/timing_weak_128cube_np4_pascal_rho040.csv
   [wall 5s]  -> timing_weak_128cube_np4_pascal_rho040.csv
---- weak_128cube_np8_pascal_rho025  NP=8  [13:16:45] ----
[Tmax] = 0.000114441 | [max_iter] = 30
[rho] = 0.25
[backend] = pascal
 [Timing] CSV saved to /scratch/x3319a05/Filtered_TDMA/apps/heat_gpu/results/scaling_profile/h200/weak/timing_weak_128cube_np8_pascal_rho025.csv
   [wall 7s]  -> timing_weak_128cube_np8_pascal_rho025.csv
---- weak_128cube_np8_pascal_rho040  NP=8  [13:16:52] ----
[Tmax] = 0.000457764 | [max_iter] = 30
[rho] = 0.4
[backend] = pascal
 [Timing] CSV saved to /scratch/x3319a05/Filtered_TDMA/apps/heat_gpu/results/scaling_profile/h200/weak/timing_weak_128cube_np8_pascal_rho040.csv
   [wall 7s]  -> timing_weak_128cube_np8_pascal_rho040.csv
---- weak_256cube_np1_pascal_rho025  NP=1  [13:16:59] ----
[Tmax] = 0.00183105 | [max_iter] = 30
[rho] = 0.25
[backend] = pascal
 [Timing] CSV saved to /scratch/x3319a05/Filtered_TDMA/apps/heat_gpu/results/scaling_profile/h200/weak/timing_weak_256cube_np1_pascal_rho025.csv
   [wall 3s]  -> timing_weak_256cube_np1_pascal_rho025.csv
---- weak_256cube_np1_pascal_rho040  NP=1  [13:17:02] ----
[Tmax] = 0.00732422 | [max_iter] = 30
[rho] = 0.4
[backend] = pascal
 [Timing] CSV saved to /scratch/x3319a05/Filtered_TDMA/apps/heat_gpu/results/scaling_profile/h200/weak/timing_weak_256cube_np1_pascal_rho040.csv
   [wall 4s]  -> timing_weak_256cube_np1_pascal_rho040.csv
---- weak_256cube_np2_pascal_rho025  NP=2  [13:17:06] ----
[Tmax] = 0.000457764 | [max_iter] = 30
[rho] = 0.25
[backend] = pascal
 [Timing] CSV saved to /scratch/x3319a05/Filtered_TDMA/apps/heat_gpu/results/scaling_profile/h200/weak/timing_weak_256cube_np2_pascal_rho025.csv
   [wall 5s]  -> timing_weak_256cube_np2_pascal_rho025.csv
---- weak_256cube_np2_pascal_rho040  NP=2  [13:17:11] ----
[Tmax] = 0.00183105 | [max_iter] = 30
[rho] = 0.4
[backend] = pascal
 [Timing] CSV saved to /scratch/x3319a05/Filtered_TDMA/apps/heat_gpu/results/scaling_profile/h200/weak/timing_weak_256cube_np2_pascal_rho040.csv
   [wall 4s]  -> timing_weak_256cube_np2_pascal_rho040.csv
---- weak_256cube_np4_pascal_rho025  NP=4  [13:17:15] ----
[Tmax] = 0.000114441 | [max_iter] = 30
[rho] = 0.25
[backend] = pascal
 [Timing] CSV saved to /scratch/x3319a05/Filtered_TDMA/apps/heat_gpu/results/scaling_profile/h200/weak/timing_weak_256cube_np4_pascal_rho025.csv
   [wall 5s]  -> timing_weak_256cube_np4_pascal_rho025.csv
---- weak_256cube_np4_pascal_rho040  NP=4  [13:17:20] ----
[Tmax] = 0.000457764 | [max_iter] = 30
[rho] = 0.4
[backend] = pascal
 [Timing] CSV saved to /scratch/x3319a05/Filtered_TDMA/apps/heat_gpu/results/scaling_profile/h200/weak/timing_weak_256cube_np4_pascal_rho040.csv
   [wall 5s]  -> timing_weak_256cube_np4_pascal_rho040.csv
---- weak_256cube_np8_pascal_rho025  NP=8  [13:17:25] ----
[Tmax] = 2.86102e-05 | [max_iter] = 30
[rho] = 0.25
[backend] = pascal
 [Timing] CSV saved to /scratch/x3319a05/Filtered_TDMA/apps/heat_gpu/results/scaling_profile/h200/weak/timing_weak_256cube_np8_pascal_rho025.csv
   [wall 7s]  -> timing_weak_256cube_np8_pascal_rho025.csv
---- weak_256cube_np8_pascal_rho040  NP=8  [13:17:33] ----
[Tmax] = 0.000114441 | [max_iter] = 30
[rho] = 0.4
[backend] = pascal
 [Timing] CSV saved to /scratch/x3319a05/Filtered_TDMA/apps/heat_gpu/results/scaling_profile/h200/weak/timing_weak_256cube_np8_pascal_rho040.csv
   [wall 7s]  -> timing_weak_256cube_np8_pascal_rho040.csv
---- weak_512cube_np1_pascal_rho025  NP=1  [13:17:40] ----
[Tmax] = 0.000457764 | [max_iter] = 30
[rho] = 0.25
[backend] = pascal
 [Timing] CSV saved to /scratch/x3319a05/Filtered_TDMA/apps/heat_gpu/results/scaling_profile/h200/weak/timing_weak_512cube_np1_pascal_rho025.csv
   [wall 3s]  -> timing_weak_512cube_np1_pascal_rho025.csv
---- weak_512cube_np1_pascal_rho040  NP=1  [13:17:43] ----
[Tmax] = 0.00183105 | [max_iter] = 30
[rho] = 0.4
[backend] = pascal
 [Timing] CSV saved to /scratch/x3319a05/Filtered_TDMA/apps/heat_gpu/results/scaling_profile/h200/weak/timing_weak_512cube_np1_pascal_rho040.csv
   [wall 5s]  -> timing_weak_512cube_np1_pascal_rho040.csv
---- weak_512cube_np2_pascal_rho025  NP=2  [13:17:48] ----
[Tmax] = 0.000114441 | [max_iter] = 30
[rho] = 0.25
[backend] = pascal
 [Timing] CSV saved to /scratch/x3319a05/Filtered_TDMA/apps/heat_gpu/results/scaling_profile/h200/weak/timing_weak_512cube_np2_pascal_rho025.csv
   [wall 5s]  -> timing_weak_512cube_np2_pascal_rho025.csv
---- weak_512cube_np2_pascal_rho040  NP=2  [13:17:53] ----
[Tmax] = 0.000457764 | [max_iter] = 30
[rho] = 0.4
[backend] = pascal
 [Timing] CSV saved to /scratch/x3319a05/Filtered_TDMA/apps/heat_gpu/results/scaling_profile/h200/weak/timing_weak_512cube_np2_pascal_rho040.csv
   [wall 5s]  -> timing_weak_512cube_np2_pascal_rho040.csv
---- weak_512cube_np4_pascal_rho025  NP=4  [13:17:58] ----
[Tmax] = 2.86102e-05 | [max_iter] = 30
[rho] = 0.25
[backend] = pascal
 [Timing] CSV saved to /scratch/x3319a05/Filtered_TDMA/apps/heat_gpu/results/scaling_profile/h200/weak/timing_weak_512cube_np4_pascal_rho025.csv
   [wall 6s]  -> timing_weak_512cube_np4_pascal_rho025.csv
---- weak_512cube_np4_pascal_rho040  NP=4  [13:18:04] ----
[Tmax] = 0.000114441 | [max_iter] = 30
[rho] = 0.4
[backend] = pascal
 [Timing] CSV saved to /scratch/x3319a05/Filtered_TDMA/apps/heat_gpu/results/scaling_profile/h200/weak/timing_weak_512cube_np4_pascal_rho040.csv
   [wall 7s]  -> timing_weak_512cube_np4_pascal_rho040.csv
---- weak_512cube_np8_pascal_rho025  NP=8  [13:18:11] ----
[Tmax] = 7.15256e-06 | [max_iter] = 30
[rho] = 0.25
[backend] = pascal
 [Timing] CSV saved to /scratch/x3319a05/Filtered_TDMA/apps/heat_gpu/results/scaling_profile/h200/weak/timing_weak_512cube_np8_pascal_rho025.csv
   [wall 8s]  -> timing_weak_512cube_np8_pascal_rho025.csv
---- weak_512cube_np8_pascal_rho040  NP=8  [13:18:19] ----
[Tmax] = 2.86102e-05 | [max_iter] = 30
[rho] = 0.4
[backend] = pascal
 [Timing] CSV saved to /scratch/x3319a05/Filtered_TDMA/apps/heat_gpu/results/scaling_profile/h200/weak/timing_weak_512cube_np8_pascal_rho040.csv
   [wall 8s]  -> timing_weak_512cube_np8_pascal_rho040.csv
---- weak_128cube_np1_filtered_v2_rho025  NP=1  [13:18:27] ----
[Tmax] = 0.00732422 | [max_iter] = 30
[rho] = 0.25
[backend] = filtered_v2
 [Timing] CSV saved to /scratch/x3319a05/Filtered_TDMA/apps/heat_gpu/results/scaling_profile/h200/weak/timing_weak_128cube_np1_filtered_v2_rho025.csv
   [wall 3s]  -> timing_weak_128cube_np1_filtered_v2_rho025.csv
---- weak_128cube_np1_filtered_v2_rho040  NP=1  [13:18:30] ----
[Tmax] = 0.0292969 | [max_iter] = 30
[rho] = 0.4
[backend] = filtered_v2
 [Timing] CSV saved to /scratch/x3319a05/Filtered_TDMA/apps/heat_gpu/results/scaling_profile/h200/weak/timing_weak_128cube_np1_filtered_v2_rho040.csv
   [wall 3s]  -> timing_weak_128cube_np1_filtered_v2_rho040.csv
---- weak_128cube_np2_filtered_v2_rho025  NP=2  [13:18:33] ----
[Tmax] = 0.00183105 | [max_iter] = 30
[rho] = 0.25
[backend] = filtered_v2
 [Timing] CSV saved to /scratch/x3319a05/Filtered_TDMA/apps/heat_gpu/results/scaling_profile/h200/weak/timing_weak_128cube_np2_filtered_v2_rho025.csv
   [wall 5s]  -> timing_weak_128cube_np2_filtered_v2_rho025.csv
---- weak_128cube_np2_filtered_v2_rho040  NP=2  [13:18:38] ----
[Tmax] = 0.00732422 | [max_iter] = 30
[rho] = 0.4
[backend] = filtered_v2
 [Timing] CSV saved to /scratch/x3319a05/Filtered_TDMA/apps/heat_gpu/results/scaling_profile/h200/weak/timing_weak_128cube_np2_filtered_v2_rho040.csv
   [wall 4s]  -> timing_weak_128cube_np2_filtered_v2_rho040.csv
---- weak_128cube_np4_filtered_v2_rho025  NP=4  [13:18:42] ----
[Tmax] = 0.000457764 | [max_iter] = 30
[rho] = 0.25
[backend] = filtered_v2
 [Timing] CSV saved to /scratch/x3319a05/Filtered_TDMA/apps/heat_gpu/results/scaling_profile/h200/weak/timing_weak_128cube_np4_filtered_v2_rho025.csv
   [wall 5s]  -> timing_weak_128cube_np4_filtered_v2_rho025.csv
---- weak_128cube_np4_filtered_v2_rho040  NP=4  [13:18:47] ----
[Tmax] = 0.00183105 | [max_iter] = 30
[rho] = 0.4
[backend] = filtered_v2
 [Timing] CSV saved to /scratch/x3319a05/Filtered_TDMA/apps/heat_gpu/results/scaling_profile/h200/weak/timing_weak_128cube_np4_filtered_v2_rho040.csv
   [wall 5s]  -> timing_weak_128cube_np4_filtered_v2_rho040.csv
---- weak_128cube_np8_filtered_v2_rho025  NP=8  [13:18:52] ----
[Tmax] = 0.000114441 | [max_iter] = 30
[rho] = 0.25
[backend] = filtered_v2
 [Timing] CSV saved to /scratch/x3319a05/Filtered_TDMA/apps/heat_gpu/results/scaling_profile/h200/weak/timing_weak_128cube_np8_filtered_v2_rho025.csv
   [wall 7s]  -> timing_weak_128cube_np8_filtered_v2_rho025.csv
---- weak_128cube_np8_filtered_v2_rho040  NP=8  [13:18:59] ----
[Tmax] = 0.000457764 | [max_iter] = 30
[rho] = 0.4
[backend] = filtered_v2
 [Timing] CSV saved to /scratch/x3319a05/Filtered_TDMA/apps/heat_gpu/results/scaling_profile/h200/weak/timing_weak_128cube_np8_filtered_v2_rho040.csv
   [wall 7s]  -> timing_weak_128cube_np8_filtered_v2_rho040.csv
---- weak_256cube_np1_filtered_v2_rho025  NP=1  [13:19:06] ----
[Tmax] = 0.00183105 | [max_iter] = 30
[rho] = 0.25
[backend] = filtered_v2
 [Timing] CSV saved to /scratch/x3319a05/Filtered_TDMA/apps/heat_gpu/results/scaling_profile/h200/weak/timing_weak_256cube_np1_filtered_v2_rho025.csv
   [wall 4s]  -> timing_weak_256cube_np1_filtered_v2_rho025.csv
---- weak_256cube_np1_filtered_v2_rho040  NP=1  [13:19:10] ----
[Tmax] = 0.00732422 | [max_iter] = 30
[rho] = 0.4
[backend] = filtered_v2
 [Timing] CSV saved to /scratch/x3319a05/Filtered_TDMA/apps/heat_gpu/results/scaling_profile/h200/weak/timing_weak_256cube_np1_filtered_v2_rho040.csv
   [wall 4s]  -> timing_weak_256cube_np1_filtered_v2_rho040.csv
---- weak_256cube_np2_filtered_v2_rho025  NP=2  [13:19:14] ----
[Tmax] = 0.000457764 | [max_iter] = 30
[rho] = 0.25
[backend] = filtered_v2
 [Timing] CSV saved to /scratch/x3319a05/Filtered_TDMA/apps/heat_gpu/results/scaling_profile/h200/weak/timing_weak_256cube_np2_filtered_v2_rho025.csv
   [wall 4s]  -> timing_weak_256cube_np2_filtered_v2_rho025.csv
---- weak_256cube_np2_filtered_v2_rho040  NP=2  [13:19:18] ----
[Tmax] = 0.00183105 | [max_iter] = 30
[rho] = 0.4
[backend] = filtered_v2
 [Timing] CSV saved to /scratch/x3319a05/Filtered_TDMA/apps/heat_gpu/results/scaling_profile/h200/weak/timing_weak_256cube_np2_filtered_v2_rho040.csv
   [wall 4s]  -> timing_weak_256cube_np2_filtered_v2_rho040.csv
---- weak_256cube_np4_filtered_v2_rho025  NP=4  [13:19:22] ----
[Tmax] = 0.000114441 | [max_iter] = 30
[rho] = 0.25
[backend] = filtered_v2
 [Timing] CSV saved to /scratch/x3319a05/Filtered_TDMA/apps/heat_gpu/results/scaling_profile/h200/weak/timing_weak_256cube_np4_filtered_v2_rho025.csv
   [wall 5s]  -> timing_weak_256cube_np4_filtered_v2_rho025.csv
---- weak_256cube_np4_filtered_v2_rho040  NP=4  [13:19:27] ----
[Tmax] = 0.000457764 | [max_iter] = 30
[rho] = 0.4
[backend] = filtered_v2
 [Timing] CSV saved to /scratch/x3319a05/Filtered_TDMA/apps/heat_gpu/results/scaling_profile/h200/weak/timing_weak_256cube_np4_filtered_v2_rho040.csv
   [wall 5s]  -> timing_weak_256cube_np4_filtered_v2_rho040.csv
---- weak_256cube_np8_filtered_v2_rho025  NP=8  [13:19:32] ----
[Tmax] = 2.86102e-05 | [max_iter] = 30
[rho] = 0.25
[backend] = filtered_v2
 [Timing] CSV saved to /scratch/x3319a05/Filtered_TDMA/apps/heat_gpu/results/scaling_profile/h200/weak/timing_weak_256cube_np8_filtered_v2_rho025.csv
   [wall 7s]  -> timing_weak_256cube_np8_filtered_v2_rho025.csv
---- weak_256cube_np8_filtered_v2_rho040  NP=8  [13:19:39] ----
[Tmax] = 0.000114441 | [max_iter] = 30
[rho] = 0.4
[backend] = filtered_v2
 [Timing] CSV saved to /scratch/x3319a05/Filtered_TDMA/apps/heat_gpu/results/scaling_profile/h200/weak/timing_weak_256cube_np8_filtered_v2_rho040.csv
   [wall 7s]  -> timing_weak_256cube_np8_filtered_v2_rho040.csv
---- weak_512cube_np1_filtered_v2_rho025  NP=1  [13:19:46] ----
[Tmax] = 0.000457764 | [max_iter] = 30
[rho] = 0.25
[backend] = filtered_v2
 [Timing] CSV saved to /scratch/x3319a05/Filtered_TDMA/apps/heat_gpu/results/scaling_profile/h200/weak/timing_weak_512cube_np1_filtered_v2_rho025.csv
   [wall 4s]  -> timing_weak_512cube_np1_filtered_v2_rho025.csv
---- weak_512cube_np1_filtered_v2_rho040  NP=1  [13:19:50] ----
[Tmax] = 0.00183105 | [max_iter] = 30
[rho] = 0.4
[backend] = filtered_v2
 [Timing] CSV saved to /scratch/x3319a05/Filtered_TDMA/apps/heat_gpu/results/scaling_profile/h200/weak/timing_weak_512cube_np1_filtered_v2_rho040.csv
   [wall 4s]  -> timing_weak_512cube_np1_filtered_v2_rho040.csv
---- weak_512cube_np2_filtered_v2_rho025  NP=2  [13:19:54] ----
[Tmax] = 0.000114441 | [max_iter] = 30
[rho] = 0.25
[backend] = filtered_v2
 [Timing] CSV saved to /scratch/x3319a05/Filtered_TDMA/apps/heat_gpu/results/scaling_profile/h200/weak/timing_weak_512cube_np2_filtered_v2_rho025.csv
   [wall 5s]  -> timing_weak_512cube_np2_filtered_v2_rho025.csv
---- weak_512cube_np2_filtered_v2_rho040  NP=2  [13:19:59] ----
[Tmax] = 0.000457764 | [max_iter] = 30
[rho] = 0.4
[backend] = filtered_v2
 [Timing] CSV saved to /scratch/x3319a05/Filtered_TDMA/apps/heat_gpu/results/scaling_profile/h200/weak/timing_weak_512cube_np2_filtered_v2_rho040.csv
   [wall 6s]  -> timing_weak_512cube_np2_filtered_v2_rho040.csv
---- weak_512cube_np4_filtered_v2_rho025  NP=4  [13:20:05] ----
[Tmax] = 2.86102e-05 | [max_iter] = 30
[rho] = 0.25
[backend] = filtered_v2
 [Timing] CSV saved to /scratch/x3319a05/Filtered_TDMA/apps/heat_gpu/results/scaling_profile/h200/weak/timing_weak_512cube_np4_filtered_v2_rho025.csv
   [wall 6s]  -> timing_weak_512cube_np4_filtered_v2_rho025.csv
---- weak_512cube_np4_filtered_v2_rho040  NP=4  [13:20:11] ----
[Tmax] = 0.000114441 | [max_iter] = 30
[rho] = 0.4
[backend] = filtered_v2
 [Timing] CSV saved to /scratch/x3319a05/Filtered_TDMA/apps/heat_gpu/results/scaling_profile/h200/weak/timing_weak_512cube_np4_filtered_v2_rho040.csv
   [wall 6s]  -> timing_weak_512cube_np4_filtered_v2_rho040.csv
---- weak_512cube_np8_filtered_v2_rho025  NP=8  [13:20:17] ----
[Tmax] = 7.15256e-06 | [max_iter] = 30
[rho] = 0.25
[backend] = filtered_v2
 [Timing] CSV saved to /scratch/x3319a05/Filtered_TDMA/apps/heat_gpu/results/scaling_profile/h200/weak/timing_weak_512cube_np8_filtered_v2_rho025.csv
   [wall 8s]  -> timing_weak_512cube_np8_filtered_v2_rho025.csv
---- weak_512cube_np8_filtered_v2_rho040  NP=8  [13:20:25] ----
[Tmax] = 2.86102e-05 | [max_iter] = 30
[rho] = 0.4
[backend] = filtered_v2
 [Timing] CSV saved to /scratch/x3319a05/Filtered_TDMA/apps/heat_gpu/results/scaling_profile/h200/weak/timing_weak_512cube_np8_filtered_v2_rho040.csv
   [wall 8s]  -> timing_weak_512cube_np8_filtered_v2_rho040.csv

################## refine ##################
---- refine_64x64x64_np2_pascal_rho025  NP=2  [13:20:33] ----
[Tmax] = 0.0292969 | [max_iter] = 30
[rho] = 0.25
[backend] = pascal
 [Timing] CSV saved to /scratch/x3319a05/Filtered_TDMA/apps/heat_gpu/results/scaling_profile/h200/refine/timing_refine_64x64x64_np2_pascal_rho025.csv
   [wall 4s]  -> timing_refine_64x64x64_np2_pascal_rho025.csv
---- refine_64x64x64_np2_pascal_rho040  NP=2  [13:20:37] ----
[Tmax] = 0.117188 | [max_iter] = 30
[rho] = 0.4
[backend] = pascal
 [Timing] CSV saved to /scratch/x3319a05/Filtered_TDMA/apps/heat_gpu/results/scaling_profile/h200/refine/timing_refine_64x64x64_np2_pascal_rho040.csv
   [wall 4s]  -> timing_refine_64x64x64_np2_pascal_rho040.csv
---- refine_64x64x128_np2_pascal_rho025  NP=2  [13:20:41] ----
[Tmax] = 0.00732422 | [max_iter] = 30
[rho] = 0.25
[backend] = pascal
 [Timing] CSV saved to /scratch/x3319a05/Filtered_TDMA/apps/heat_gpu/results/scaling_profile/h200/refine/timing_refine_64x64x128_np2_pascal_rho025.csv
   [wall 4s]  -> timing_refine_64x64x128_np2_pascal_rho025.csv
---- refine_64x64x128_np2_pascal_rho040  NP=2  [13:20:45] ----
[Tmax] = 0.0292969 | [max_iter] = 30
[rho] = 0.4
[backend] = pascal
 [Timing] CSV saved to /scratch/x3319a05/Filtered_TDMA/apps/heat_gpu/results/scaling_profile/h200/refine/timing_refine_64x64x128_np2_pascal_rho040.csv
   [wall 4s]  -> timing_refine_64x64x128_np2_pascal_rho040.csv
---- refine_64x64x256_np2_pascal_rho025  NP=2  [13:20:49] ----
[Tmax] = 0.00183105 | [max_iter] = 30
[rho] = 0.25
[backend] = pascal
 [Timing] CSV saved to /scratch/x3319a05/Filtered_TDMA/apps/heat_gpu/results/scaling_profile/h200/refine/timing_refine_64x64x256_np2_pascal_rho025.csv
   [wall 4s]  -> timing_refine_64x64x256_np2_pascal_rho025.csv
---- refine_64x64x256_np2_pascal_rho040  NP=2  [13:20:53] ----
[Tmax] = 0.00732422 | [max_iter] = 30
[rho] = 0.4
[backend] = pascal
 [Timing] CSV saved to /scratch/x3319a05/Filtered_TDMA/apps/heat_gpu/results/scaling_profile/h200/refine/timing_refine_64x64x256_np2_pascal_rho040.csv
   [wall 4s]  -> timing_refine_64x64x256_np2_pascal_rho040.csv
---- refine_128x128x128_np2_pascal_rho025  NP=2  [13:20:57] ----
[Tmax] = 0.00732422 | [max_iter] = 30
[rho] = 0.25
[backend] = pascal
 [Timing] CSV saved to /scratch/x3319a05/Filtered_TDMA/apps/heat_gpu/results/scaling_profile/h200/refine/timing_refine_128x128x128_np2_pascal_rho025.csv
   [wall 4s]  -> timing_refine_128x128x128_np2_pascal_rho025.csv
---- refine_128x128x128_np2_pascal_rho040  NP=2  [13:21:01] ----
[Tmax] = 0.0292969 | [max_iter] = 30
[rho] = 0.4
[backend] = pascal
 [Timing] CSV saved to /scratch/x3319a05/Filtered_TDMA/apps/heat_gpu/results/scaling_profile/h200/refine/timing_refine_128x128x128_np2_pascal_rho040.csv
   [wall 5s]  -> timing_refine_128x128x128_np2_pascal_rho040.csv
---- refine_128x128x256_np2_pascal_rho025  NP=2  [13:21:06] ----
[Tmax] = 0.00183105 | [max_iter] = 30
[rho] = 0.25
[backend] = pascal
 [Timing] CSV saved to /scratch/x3319a05/Filtered_TDMA/apps/heat_gpu/results/scaling_profile/h200/refine/timing_refine_128x128x256_np2_pascal_rho025.csv
   [wall 4s]  -> timing_refine_128x128x256_np2_pascal_rho025.csv
---- refine_128x128x256_np2_pascal_rho040  NP=2  [13:21:10] ----
[Tmax] = 0.00732422 | [max_iter] = 30
[rho] = 0.4
[backend] = pascal
 [Timing] CSV saved to /scratch/x3319a05/Filtered_TDMA/apps/heat_gpu/results/scaling_profile/h200/refine/timing_refine_128x128x256_np2_pascal_rho040.csv
   [wall 4s]  -> timing_refine_128x128x256_np2_pascal_rho040.csv
---- refine_128x128x512_np2_pascal_rho025  NP=2  [13:21:14] ----
[Tmax] = 0.000457764 | [max_iter] = 30
[rho] = 0.25
[backend] = pascal
 [Timing] CSV saved to /scratch/x3319a05/Filtered_TDMA/apps/heat_gpu/results/scaling_profile/h200/refine/timing_refine_128x128x512_np2_pascal_rho025.csv
   [wall 4s]  -> timing_refine_128x128x512_np2_pascal_rho025.csv
---- refine_128x128x512_np2_pascal_rho040  NP=2  [13:21:19] ----
[Tmax] = 0.00183105 | [max_iter] = 30
[rho] = 0.4
[backend] = pascal
 [Timing] CSV saved to /scratch/x3319a05/Filtered_TDMA/apps/heat_gpu/results/scaling_profile/h200/refine/timing_refine_128x128x512_np2_pascal_rho040.csv
   [wall 4s]  -> timing_refine_128x128x512_np2_pascal_rho040.csv
---- refine_256x256x256_np2_pascal_rho025  NP=2  [13:21:23] ----
[Tmax] = 0.00183105 | [max_iter] = 30
[rho] = 0.25
[backend] = pascal
 [Timing] CSV saved to /scratch/x3319a05/Filtered_TDMA/apps/heat_gpu/results/scaling_profile/h200/refine/timing_refine_256x256x256_np2_pascal_rho025.csv
   [wall 4s]  -> timing_refine_256x256x256_np2_pascal_rho025.csv
---- refine_256x256x256_np2_pascal_rho040  NP=2  [13:21:27] ----
[Tmax] = 0.00732422 | [max_iter] = 30
[rho] = 0.4
[backend] = pascal
 [Timing] CSV saved to /scratch/x3319a05/Filtered_TDMA/apps/heat_gpu/results/scaling_profile/h200/refine/timing_refine_256x256x256_np2_pascal_rho040.csv
   [wall 4s]  -> timing_refine_256x256x256_np2_pascal_rho040.csv
---- refine_256x256x512_np2_pascal_rho025  NP=2  [13:21:31] ----
[Tmax] = 0.000457764 | [max_iter] = 30
[rho] = 0.25
[backend] = pascal
 [Timing] CSV saved to /scratch/x3319a05/Filtered_TDMA/apps/heat_gpu/results/scaling_profile/h200/refine/timing_refine_256x256x512_np2_pascal_rho025.csv
   [wall 4s]  -> timing_refine_256x256x512_np2_pascal_rho025.csv
---- refine_256x256x512_np2_pascal_rho040  NP=2  [13:21:35] ----
[Tmax] = 0.00183105 | [max_iter] = 30
[rho] = 0.4
[backend] = pascal
 [Timing] CSV saved to /scratch/x3319a05/Filtered_TDMA/apps/heat_gpu/results/scaling_profile/h200/refine/timing_refine_256x256x512_np2_pascal_rho040.csv
   [wall 4s]  -> timing_refine_256x256x512_np2_pascal_rho040.csv
---- refine_256x256x1024_np2_pascal_rho025  NP=2  [13:21:39] ----
[Tmax] = 0.000114441 | [max_iter] = 30
[rho] = 0.25
[backend] = pascal
 [Timing] CSV saved to /scratch/x3319a05/Filtered_TDMA/apps/heat_gpu/results/scaling_profile/h200/refine/timing_refine_256x256x1024_np2_pascal_rho025.csv
   [wall 4s]  -> timing_refine_256x256x1024_np2_pascal_rho025.csv
---- refine_256x256x1024_np2_pascal_rho040  NP=2  [13:21:43] ----
[Tmax] = 0.000457764 | [max_iter] = 30
[rho] = 0.4
[backend] = pascal
 [Timing] CSV saved to /scratch/x3319a05/Filtered_TDMA/apps/heat_gpu/results/scaling_profile/h200/refine/timing_refine_256x256x1024_np2_pascal_rho040.csv
   [wall 5s]  -> timing_refine_256x256x1024_np2_pascal_rho040.csv
---- refine_64x64x64_np2_filtered_v2_rho025  NP=2  [13:21:48] ----
[Tmax] = 0.0292969 | [max_iter] = 30
[rho] = 0.25
[backend] = filtered_v2
 [Timing] CSV saved to /scratch/x3319a05/Filtered_TDMA/apps/heat_gpu/results/scaling_profile/h200/refine/timing_refine_64x64x64_np2_filtered_v2_rho025.csv
   [wall 4s]  -> timing_refine_64x64x64_np2_filtered_v2_rho025.csv
---- refine_64x64x64_np2_filtered_v2_rho040  NP=2  [13:21:52] ----
[Tmax] = 0.117188 | [max_iter] = 30
[rho] = 0.4
[backend] = filtered_v2
 [Timing] CSV saved to /scratch/x3319a05/Filtered_TDMA/apps/heat_gpu/results/scaling_profile/h200/refine/timing_refine_64x64x64_np2_filtered_v2_rho040.csv
   [wall 4s]  -> timing_refine_64x64x64_np2_filtered_v2_rho040.csv
---- refine_64x64x128_np2_filtered_v2_rho025  NP=2  [13:21:56] ----
[Tmax] = 0.00732422 | [max_iter] = 30
[rho] = 0.25
[backend] = filtered_v2
 [Timing] CSV saved to /scratch/x3319a05/Filtered_TDMA/apps/heat_gpu/results/scaling_profile/h200/refine/timing_refine_64x64x128_np2_filtered_v2_rho025.csv
   [wall 4s]  -> timing_refine_64x64x128_np2_filtered_v2_rho025.csv
---- refine_64x64x128_np2_filtered_v2_rho040  NP=2  [13:22:00] ----
[Tmax] = 0.0292969 | [max_iter] = 30
[rho] = 0.4
[backend] = filtered_v2
 [Timing] CSV saved to /scratch/x3319a05/Filtered_TDMA/apps/heat_gpu/results/scaling_profile/h200/refine/timing_refine_64x64x128_np2_filtered_v2_rho040.csv
   [wall 4s]  -> timing_refine_64x64x128_np2_filtered_v2_rho040.csv
---- refine_64x64x256_np2_filtered_v2_rho025  NP=2  [13:22:04] ----
[Tmax] = 0.00183105 | [max_iter] = 30
[rho] = 0.25
[backend] = filtered_v2
 [Timing] CSV saved to /scratch/x3319a05/Filtered_TDMA/apps/heat_gpu/results/scaling_profile/h200/refine/timing_refine_64x64x256_np2_filtered_v2_rho025.csv
   [wall 5s]  -> timing_refine_64x64x256_np2_filtered_v2_rho025.csv
---- refine_64x64x256_np2_filtered_v2_rho040  NP=2  [13:22:09] ----
[Tmax] = 0.00732422 | [max_iter] = 30
[rho] = 0.4
[backend] = filtered_v2
 [Timing] CSV saved to /scratch/x3319a05/Filtered_TDMA/apps/heat_gpu/results/scaling_profile/h200/refine/timing_refine_64x64x256_np2_filtered_v2_rho040.csv
   [wall 4s]  -> timing_refine_64x64x256_np2_filtered_v2_rho040.csv
---- refine_128x128x128_np2_filtered_v2_rho025  NP=2  [13:22:13] ----
[Tmax] = 0.00732422 | [max_iter] = 30
[rho] = 0.25
[backend] = filtered_v2
 [Timing] CSV saved to /scratch/x3319a05/Filtered_TDMA/apps/heat_gpu/results/scaling_profile/h200/refine/timing_refine_128x128x128_np2_filtered_v2_rho025.csv
   [wall 4s]  -> timing_refine_128x128x128_np2_filtered_v2_rho025.csv
---- refine_128x128x128_np2_filtered_v2_rho040  NP=2  [13:22:17] ----
[Tmax] = 0.0292969 | [max_iter] = 30
[rho] = 0.4
[backend] = filtered_v2
 [Timing] CSV saved to /scratch/x3319a05/Filtered_TDMA/apps/heat_gpu/results/scaling_profile/h200/refine/timing_refine_128x128x128_np2_filtered_v2_rho040.csv
   [wall 4s]  -> timing_refine_128x128x128_np2_filtered_v2_rho040.csv
---- refine_128x128x256_np2_filtered_v2_rho025  NP=2  [13:22:21] ----
[Tmax] = 0.00183105 | [max_iter] = 30
[rho] = 0.25
[backend] = filtered_v2
 [Timing] CSV saved to /scratch/x3319a05/Filtered_TDMA/apps/heat_gpu/results/scaling_profile/h200/refine/timing_refine_128x128x256_np2_filtered_v2_rho025.csv
   [wall 4s]  -> timing_refine_128x128x256_np2_filtered_v2_rho025.csv
---- refine_128x128x256_np2_filtered_v2_rho040  NP=2  [13:22:25] ----
[Tmax] = 0.00732422 | [max_iter] = 30
[rho] = 0.4
[backend] = filtered_v2
 [Timing] CSV saved to /scratch/x3319a05/Filtered_TDMA/apps/heat_gpu/results/scaling_profile/h200/refine/timing_refine_128x128x256_np2_filtered_v2_rho040.csv
   [wall 4s]  -> timing_refine_128x128x256_np2_filtered_v2_rho040.csv
---- refine_128x128x512_np2_filtered_v2_rho025  NP=2  [13:22:29] ----
[Tmax] = 0.000457764 | [max_iter] = 30
[rho] = 0.25
[backend] = filtered_v2
 [Timing] CSV saved to /scratch/x3319a05/Filtered_TDMA/apps/heat_gpu/results/scaling_profile/h200/refine/timing_refine_128x128x512_np2_filtered_v2_rho025.csv
   [wall 4s]  -> timing_refine_128x128x512_np2_filtered_v2_rho025.csv
---- refine_128x128x512_np2_filtered_v2_rho040  NP=2  [13:22:33] ----
[Tmax] = 0.00183105 | [max_iter] = 30
[rho] = 0.4
[backend] = filtered_v2
 [Timing] CSV saved to /scratch/x3319a05/Filtered_TDMA/apps/heat_gpu/results/scaling_profile/h200/refine/timing_refine_128x128x512_np2_filtered_v2_rho040.csv
   [wall 4s]  -> timing_refine_128x128x512_np2_filtered_v2_rho040.csv
---- refine_256x256x256_np2_filtered_v2_rho025  NP=2  [13:22:37] ----
[Tmax] = 0.00183105 | [max_iter] = 30
[rho] = 0.25
[backend] = filtered_v2
 [Timing] CSV saved to /scratch/x3319a05/Filtered_TDMA/apps/heat_gpu/results/scaling_profile/h200/refine/timing_refine_256x256x256_np2_filtered_v2_rho025.csv
   [wall 4s]  -> timing_refine_256x256x256_np2_filtered_v2_rho025.csv
---- refine_256x256x256_np2_filtered_v2_rho040  NP=2  [13:22:41] ----
[Tmax] = 0.00732422 | [max_iter] = 30
[rho] = 0.4
[backend] = filtered_v2
 [Timing] CSV saved to /scratch/x3319a05/Filtered_TDMA/apps/heat_gpu/results/scaling_profile/h200/refine/timing_refine_256x256x256_np2_filtered_v2_rho040.csv
   [wall 4s]  -> timing_refine_256x256x256_np2_filtered_v2_rho040.csv
---- refine_256x256x512_np2_filtered_v2_rho025  NP=2  [13:22:45] ----
[Tmax] = 0.000457764 | [max_iter] = 30
[rho] = 0.25
[backend] = filtered_v2
 [Timing] CSV saved to /scratch/x3319a05/Filtered_TDMA/apps/heat_gpu/results/scaling_profile/h200/refine/timing_refine_256x256x512_np2_filtered_v2_rho025.csv
   [wall 4s]  -> timing_refine_256x256x512_np2_filtered_v2_rho025.csv
---- refine_256x256x512_np2_filtered_v2_rho040  NP=2  [13:22:49] ----
[Tmax] = 0.00183105 | [max_iter] = 30
[rho] = 0.4
[backend] = filtered_v2
 [Timing] CSV saved to /scratch/x3319a05/Filtered_TDMA/apps/heat_gpu/results/scaling_profile/h200/refine/timing_refine_256x256x512_np2_filtered_v2_rho040.csv
   [wall 5s]  -> timing_refine_256x256x512_np2_filtered_v2_rho040.csv
---- refine_256x256x1024_np2_filtered_v2_rho025  NP=2  [13:22:54] ----
[Tmax] = 0.000114441 | [max_iter] = 30
[rho] = 0.25
[backend] = filtered_v2
 [Timing] CSV saved to /scratch/x3319a05/Filtered_TDMA/apps/heat_gpu/results/scaling_profile/h200/refine/timing_refine_256x256x1024_np2_filtered_v2_rho025.csv
   [wall 4s]  -> timing_refine_256x256x1024_np2_filtered_v2_rho025.csv
---- refine_256x256x1024_np2_filtered_v2_rho040  NP=2  [13:22:58] ----
[Tmax] = 0.000457764 | [max_iter] = 30
[rho] = 0.4
[backend] = filtered_v2
 [Timing] CSV saved to /scratch/x3319a05/Filtered_TDMA/apps/heat_gpu/results/scaling_profile/h200/refine/timing_refine_256x256x1024_np2_filtered_v2_rho040.csv
   [wall 4s]  -> timing_refine_256x256x1024_np2_filtered_v2_rho040.csv

==== DONE 2026-06-28 13:23:02 ====
  strong: 48 CSVs
  weak: 48 CSVs
  refine: 36 CSVs
